Arguments: 
  /Users/cenkce/.nvm/versions/node/v11.15.0/bin/node /Users/cenkce/.nvm/versions/node/v11.15.0/bin/yarn

PATH: 
  /Users/cenkce/.nvm/versions/node/v11.15.0/bin:/usr/local/bin:/usr/bin:/bin:/usr/sbin:/sbin:/Users/cenkce/.nvm/versions/node/v11.15.0/bin

Yarn version: 
  1.22.1

Node version: 
  11.15.0

Platform: 
  darwin x64

Trace: 
  Error: https://registry.yarnpkg.com/@smartface%2fwsbuilder: Not found
      at Request.params.callback [as _callback] (/Users/cenkce/.nvm/versions/node/v11.15.0/lib/node_modules/yarn/lib/cli.js:66091:18)
      at Request.self.callback (/Users/cenkce/.nvm/versions/node/v11.15.0/lib/node_modules/yarn/lib/cli.js:140743:22)
      at Request.emit (events.js:193:13)
      at Request.<anonymous> (/Users/cenkce/.nvm/versions/node/v11.15.0/lib/node_modules/yarn/lib/cli.js:141715:10)
      at Request.emit (events.js:193:13)
      at IncomingMessage.<anonymous> (/Users/cenkce/.nvm/versions/node/v11.15.0/lib/node_modules/yarn/lib/cli.js:141637:12)
      at Object.onceWrapper (events.js:281:20)
      at IncomingMessage.emit (events.js:198:15)
      at endReadableNT (_stream_readable.js:1139:12)
      at processTicksAndRejections (internal/process/task_queues.js:81:17)

npm manifest: 
  {
    "name": "parent",
    "description": "",
    "main": "index.js",
    "private": true,
    "scripts": {
      "test": "echo \"Error: no test specified\" && exit 1",
      "link": "mkdir -p $PWD/node_modules/@smartface/wsbuilder && ln -s -f $PWD/ws-builder/** $PWD/node_modules/@smartface/wsbuilder",
      "init": "npm i --prefix ./ws-builder && npm run link"
    },
    "workspaces": [
      "packages/*"
    ],
    "repository": {
      "type": "git",
      "url": "git+https://github.com/smartface/transpiler-standalone.git"
    },
    "devDependencies": {
      "@smartface/wsbuilder": "*",
      "lerna": "^3.20.2"
    },
    "author": "Cenk Cetinkaya<cenk.cetinkaya@smartface.io>",
    "license": "ISC",
    "bugs": {
      "url": "https://github.com/smartface/transpiler-standalone/issues"
    },
    "homepage": "https://github.com/smartface/transpiler-standalone#readme"
  }

yarn manifest: 
  No manifest

Lockfile: 
  No lockfile
